<?xml version="1.0" encoding="UTF-8"?>
<testsuite name="TaskTest" tests="1" time="0.025271" failures="0" errors="0" skipped="0" assertions="1" timestamp="2018-08-22T15:18:50-07:00">
  <testcase name="test_the_truth" time="0.025025" assertions="1">
  </testcase>
</testsuite>
